[INFO] Scanning for projects...
[INFO] 
[INFO] ---------------------< com.softwarecampus:backend >---------------------
[INFO] Building softwarecampus-backend 0.0.1-SNAPSHOT
[INFO]   from pom.xml
[INFO] --------------------------------[ jar ]---------------------------------
[INFO] 
[INFO] --- resources:3.3.1:resources (default-resources) @ backend ---
[INFO] Copying 1 resource from src\main\resources to target\classes
[INFO] Copying 6 resources from src\main\resources to target\classes
[INFO] 
[INFO] --- compiler:3.14.0:compile (default-compile) @ backend ---
[INFO] Recompiling the module because of added or removed source files.
[INFO] Compiling 238 source files with javac [debug parameters release 17] to target\classes
[INFO] -------------------------------------------------------------
[WARNING] COMPILATION WARNING : 
[INFO] -------------------------------------------------------------
[WARNING] /D:/Projects/KOSTA_Softcampus/softwarecampus-backend/src/main/java/com/softwarecampus/backend/dto/course/CourseRequestDTO.java:[45,21] @Builder will ignore the initializing expression entirely. If you want the initializing expression to serve as default, add @Builder.Default. If it is not supposed to be settable during building, make the field final.
[WARNING] /D:/Projects/KOSTA_Softcampus/softwarecampus-backend/src/main/java/com/softwarecampus/backend/domain/course/Course.java:[50,21] @Builder will ignore the initializing expression entirely. If you want the initializing expression to serve as default, add @Builder.Default. If it is not supposed to be settable during building, make the field final.
[WARNING] /D:/Projects/KOSTA_Softcampus/softwarecampus-backend/src/main/java/com/softwarecampus/backend/domain/course/Course.java:[58,28] @Builder will ignore the initializing expression entirely. If you want the initializing expression to serve as default, add @Builder.Default. If it is not supposed to be settable during building, make the field final.
[INFO] 3 warnings 
[INFO] -------------------------------------------------------------
[INFO] -------------------------------------------------------------
[ERROR] COMPILATION ERROR : 
[INFO] -------------------------------------------------------------
[ERROR] /D:/Projects/KOSTA_Softcampus/softwarecampus-backend/src/main/java/com/softwarecampus/backend/service/course/ReviewLikeService.java:[21,5] cannot find symbol
  symbol:   class ReviewLikeResponse
  location: interface com.softwarecampus.backend.service.course.ReviewLikeService
[INFO] 1 error
[INFO] -------------------------------------------------------------
[INFO] ------------------------------------------------------------------------
[INFO] BUILD FAILURE
[INFO] ------------------------------------------------------------------------
[INFO] Total time:  9.125 s
[INFO] Finished at: 2025-11-30T22:32:46+09:00
[INFO] ------------------------------------------------------------------------
[ERROR] Failed to execute goal org.apache.maven.plugins:maven-compiler-plugin:3.14.0:compile (default-compile) on project backend: Compilation failure
[ERROR] /D:/Projects/KOSTA_Softcampus/softwarecampus-backend/src/main/java/com/softwarecampus/backend/service/course/ReviewLikeService.java:[21,5] cannot find symbol
[ERROR]   symbol:   class ReviewLikeResponse
[ERROR]   location: interface com.softwarecampus.backend.service.course.ReviewLikeService
[ERROR] 
[ERROR] -> [Help 1]
[ERROR] 
[ERROR] To see the full stack trace of the errors, re-run Maven with the -e switch.
[ERROR] Re-run Maven using the -X switch to enable full debug logging.
[ERROR] 
[ERROR] For more information about the errors and possible solutions, please read the following articles:
[ERROR] [Help 1] http://cwiki.apache.org/confluence/display/MAVEN/MojoFailureException
